Arguments: 
  /usr/local/bin/node /usr/share/yarn/bin/yarn.js publish

PATH: 
  /usr/local/sbin:/usr/local/bin:/usr/sbin:/usr/bin:/sbin:/bin:/usr/games:/usr/local/games:/snap/bin:/home/shai/.dotnet/tools

Yarn version: 
  1.16.0

Node version: 
  12.2.0

Platform: 
  linux x64

Trace: 
  SyntaxError: /home/shai/npm-projects/sweet-http/package.json: Unexpected token } in JSON at position 887
      at JSON.parse (<anonymous>)
      at /usr/share/yarn/lib/cli.js:1625:59
      at Generator.next (<anonymous>)
      at step (/usr/share/yarn/lib/cli.js:304:30)
      at /usr/share/yarn/lib/cli.js:315:13

npm manifest: 
  {
    "name": "sweet-http",
    "version": "1.0.2",
    "main": "lib/sweet-http.js",
    "types": "lib/sweet-http.d.ts",
    "scripts": {
      "test": "echo \"Error: no test specified\" && exit 1",
      "build": "tsc",
      "tsc": "tsc"
    },
    "repository": {
      "type": "git",
      "url": "git+https://github.com/shai-benshimol/sweet-http.git"
    },
    "keywords": [
      "http",
      "https",
      "xhr",
      "ajax",
      "promise",
      "node",
      "angular",
      "vuejs",
      "react"
    ],
    "author": "",
    "license": "ISC",
    "bugs": {
      "url": "https://github.com/shai-benshimol/sweet-http/issues"
    },
    "homepage": "https://github.com/shai-benshimol/sweet-http#readme",
    "devDependencies": {
      "typescript": "^3.4.5"
    },
    "dependencies": {
      "cross-fetch": "^3.0.3"
    },
    "directories": {
      "lib": "lib"
    },
    "description": "Small Typescript Http Request Callback Based on Fetch!",
    
  }

yarn manifest: 
  No manifest

Lockfile: 
  No lockfile
